# JRE version: Java(TM) SE Runtime Environment (8.0_121-b13) (build 1.8.0_121-b13)
# Java VM: Java HotSpot(TM) 64-Bit Server VM (25.121-b13 mixed mode windows-amd64 compressed oops)
Heap:
 PSYoungGen      total 76288K, used 68539K [0x000000076b300000, 0x0000000770800000, 0x00000007c0000000)
  eden space 65536K, 92% used [0x000000076b300000,0x000000076ee65160,0x000000076f300000)
  from space 10752K, 71% used [0x000000076f300000,0x000000076fa89c00,0x000000076fd80000)
  to   space 10752K, 50% used [0x000000076fd80000,0x00000007702d5558,0x0000000770800000)
 ParOldGen       total 175104K, used 24K [0x00000006c1800000, 0x00000006cc300000, 0x000000076b300000)
  object space 175104K, 0% used [0x00000006c1800000,0x00000006c1806000,0x00000006cc300000)
 Metaspace       used 20570K, capacity 21170K, committed 21296K, reserved 1067008K
  class space    used 2714K, capacity 2871K, committed 2944K, reserved 1048576K
GC Heap History (3 events):
Event: 0.734 GC heap before
{Heap before GC invocations=1 (full 0):
 PSYoungGen      total 76288K, used 65536K [0x000000076b300000, 0x0000000770800000, 0x00000007c0000000)
  eden space 65536K, 100% used [0x000000076b300000,0x000000076f300000,0x000000076f300000)
  from space 10752K, 0% used [0x000000076fd80000,0x000000076fd80000,0x0000000770800000)
  to   space 10752K, 0% used [0x000000076f300000,0x000000076f300000,0x000000076fd80000)
 ParOldGen       total 175104K, used 0K [0x00000006c1800000, 0x00000006cc300000, 0x000000076b300000)
  object space 175104K, 0% used [0x00000006c1800000,0x00000006c1800000,0x00000006cc300000)
 Metaspace       used 14637K, capacity 15088K, committed 15360K, reserved 1062912K
  class space    used 1847K, capacity 1988K, committed 2048K, reserved 1048576K
Event: 0.738 GC heap after
Heap after GC invocations=1 (full 0):
 PSYoungGen      total 76288K, used 7719K [0x000000076b300000, 0x0000000770800000, 0x00000007c0000000)
  eden space 65536K, 0% used [0x000000076b300000,0x000000076b300000,0x000000076f300000)
  from space 10752K, 71% used [0x000000076f300000,0x000000076fa89c00,0x000000076fd80000)
  to   space 10752K, 0% used [0x000000076fd80000,0x000000076fd80000,0x0000000770800000)
 ParOldGen       total 175104K, used 16K [0x00000006c1800000, 0x00000006cc300000, 0x000000076b300000)
  object space 175104K, 0% used [0x00000006c1800000,0x00000006c1804000,0x00000006cc300000)
 Metaspace       used 14637K, capacity 15088K, committed 15360K, reserved 1062912K
  class space    used 1847K, capacity 1988K, committed 2048K, reserved 1048576K
}
Event: 0.914 GC heap before
{Heap before GC invocations=2 (full 0):
 PSYoungGen      total 76288K, used 68539K [0x000000076b300000, 0x0000000770800000, 0x00000007c0000000)
  eden space 65536K, 92% used [0x000000076b300000,0x000000076ee65160,0x000000076f300000)
  from space 10752K, 71% used [0x000000076f300000,0x000000076fa89c00,0x000000076fd80000)
  to   space 10752K, 0% used [0x000000076fd80000,0x000000076fd80000,0x0000000770800000)
 ParOldGen       total 175104K, used 16K [0x00000006c1800000, 0x00000006cc300000, 0x000000076b300000)
  object space 175104K, 0% used [0x00000006c1800000,0x00000006c1804000,0x00000006cc300000)
 Metaspace       used 20570K, capacity 21170K, committed 21296K, reserved 1067008K
  class space    used 2714K, capacity 2871K, committed 2944K, reserved 1048576K

